  [1m[36m (120.8ms)[0m  [1mDROP DATABASE IF EXISTS `library_test`[0m
  [1m[35m (0.5ms)[0m  CREATE DATABASE `library_test` DEFAULT CHARACTER SET `utf8` COLLATE `utf8_unicode_ci`
  [1m[36mActiveRecord::SchemaMigration Load (1.3ms)[0m  [1mSELECT `schema_migrations`.* FROM `schema_migrations`[0m
  [1m[36mActiveRecord::SchemaMigration Load (1.0ms)[0m  [1mSELECT `schema_migrations`.* FROM `schema_migrations`[0m
  [1m[36mActiveRecord::SchemaMigration Load (1.0ms)[0m  [1mSELECT `schema_migrations`.* FROM `schema_migrations`[0m
  [1m[36m (0.6ms)[0m  [1mDROP DATABASE IF EXISTS `library_test`[0m
  [1m[35m (0.3ms)[0m  CREATE DATABASE `library_test` DEFAULT CHARACTER SET `utf8` COLLATE `utf8_unicode_ci`
  [1m[36m (77.0ms)[0m  [1mCREATE TABLE `post_feeds` (`id` int(11) DEFAULT NULL auto_increment PRIMARY KEY, `username` varchar(255), `feed` varchar(255), `created_at` datetime, `updated_at` datetime) ENGINE=InnoDB[0m
  [1m[35m (140.2ms)[0m  CREATE TABLE `posts` (`id` int(11) DEFAULT NULL auto_increment PRIMARY KEY, `title` varchar(255), `text` text, `created_at` datetime, `updated_at` datetime) ENGINE=InnoDB
  [1m[36m (98.2ms)[0m  [1mCREATE TABLE `users` (`id` int(11) DEFAULT NULL auto_increment PRIMARY KEY, `username` varchar(255), `password` varchar(255), `created_at` datetime, `updated_at` datetime) ENGINE=InnoDB[0m
  [1m[35m (98.1ms)[0m  CREATE TABLE `schema_migrations` (`version` varchar(255) NOT NULL) ENGINE=InnoDB
  [1m[36m (129.3ms)[0m  [1mCREATE UNIQUE INDEX `unique_schema_migrations` ON `schema_migrations` (`version`) [0m
  [1m[35m (1.1ms)[0m  SELECT version FROM `schema_migrations`
  [1m[36m (0.7ms)[0m  [1mINSERT INTO `schema_migrations` (version) VALUES ('20130827130536')[0m
  [1m[35mActiveRecord::SchemaMigration Load (0.3ms)[0m  SELECT `schema_migrations`.* FROM `schema_migrations`
  [1m[36mActiveRecord::SchemaMigration Load (1.0ms)[0m  [1mSELECT `schema_migrations`.* FROM `schema_migrations`[0m
Migrating to CreatePostTests (20130905135410)
  [1m[35m (395.2ms)[0m  CREATE TABLE `post_tests` (`id` int(11) DEFAULT NULL auto_increment PRIMARY KEY, `created_at` datetime, `updated_at` datetime) ENGINE=InnoDB
  [1m[36mSQL (0.1ms)[0m  [1mBEGIN[0m
  [1m[35mSQL (0.6ms)[0m  INSERT INTO `schema_migrations` (`version`) VALUES (?)  [["version", "20130905135410"]]
  [1m[36m (0.4ms)[0m  [1mCOMMIT[0m
  [1m[35mActiveRecord::SchemaMigration Load (0.3ms)[0m  SELECT `schema_migrations`.* FROM `schema_migrations`
  [1m[36mActiveRecord::SchemaMigration Load (1.0ms)[0m  [1mSELECT `schema_migrations`.* FROM `schema_migrations`[0m
Migrating to CreatePostTests (20130905161649)
  [1m[35m (0.4ms)[0m  CREATE TABLE `post_tests` (`id` int(11) DEFAULT NULL auto_increment PRIMARY KEY, `user` varchar(255), `pass` varchar(255), `created_at` datetime, `updated_at` datetime) ENGINE=InnoDB
Mysql::Error: Table 'post_tests' already exists: CREATE TABLE `post_tests` (`id` int(11) DEFAULT NULL auto_increment PRIMARY KEY, `user` varchar(255), `pass` varchar(255), `created_at` datetime, `updated_at` datetime) ENGINE=InnoDB
  [1m[36mActiveRecord::SchemaMigration Load (1.0ms)[0m  [1mSELECT `schema_migrations`.* FROM `schema_migrations`[0m
Migrating to CreatePostTests (20130905161649)
  [1m[35m (0.4ms)[0m  CREATE TABLE `post_tests` (`id` int(11) DEFAULT NULL auto_increment PRIMARY KEY, `user` varchar(255), `pass` varchar(255), `created_at` datetime, `updated_at` datetime) ENGINE=InnoDB
Mysql::Error: Table 'post_tests' already exists: CREATE TABLE `post_tests` (`id` int(11) DEFAULT NULL auto_increment PRIMARY KEY, `user` varchar(255), `pass` varchar(255), `created_at` datetime, `updated_at` datetime) ENGINE=InnoDB
  [1m[36mActiveRecord::SchemaMigration Load (1.1ms)[0m  [1mSELECT `schema_migrations`.* FROM `schema_migrations`[0m
Migrating to CreatePostTests (20130905161649)
  [1m[35m (98.0ms)[0m  CREATE TABLE `post_tests` (`id` int(11) DEFAULT NULL auto_increment PRIMARY KEY, `user` varchar(255), `pass` varchar(255), `created_at` datetime, `updated_at` datetime) ENGINE=InnoDB
  [1m[36mSQL (0.1ms)[0m  [1mBEGIN[0m
  [1m[35mSQL (0.4ms)[0m  INSERT INTO `schema_migrations` (`version`) VALUES (?)  [["version", "20130905161649"]]
  [1m[36m (17.6ms)[0m  [1mCOMMIT[0m
  [1m[35mActiveRecord::SchemaMigration Load (0.3ms)[0m  SELECT `schema_migrations`.* FROM `schema_migrations`


Started GET "/post_tests/new" for 127.0.0.1 at 2013-09-06 10:12:52 +0700
  [1m[36mActiveRecord::SchemaMigration Load (1.0ms)[0m  [1mSELECT `schema_migrations`.* FROM `schema_migrations`[0m

ActiveRecord::PendingMigrationError (Migrations are pending; run 'rake db:migrate RAILS_ENV=development' to resolve this issue.):
  activerecord (4.0.0) lib/active_record/migration.rb:379:in `check_pending!'
  activerecord (4.0.0) lib/active_record/migration.rb:366:in `call'
  actionpack (4.0.0) lib/action_dispatch/middleware/callbacks.rb:29:in `block in call'
  activesupport (4.0.0) lib/active_support/callbacks.rb:373:in `_run__753229847660778672__call__callbacks'
  activesupport (4.0.0) lib/active_support/callbacks.rb:80:in `run_callbacks'
  actionpack (4.0.0) lib/action_dispatch/middleware/callbacks.rb:27:in `call'
  actionpack (4.0.0) lib/action_dispatch/middleware/reloader.rb:64:in `call'
  actionpack (4.0.0) lib/action_dispatch/middleware/remote_ip.rb:76:in `call'
  actionpack (4.0.0) lib/action_dispatch/middleware/debug_exceptions.rb:17:in `call'
  actionpack (4.0.0) lib/action_dispatch/middleware/show_exceptions.rb:30:in `call'
  railties (4.0.0) lib/rails/rack/logger.rb:38:in `call_app'
  railties (4.0.0) lib/rails/rack/logger.rb:21:in `block in call'
  activesupport (4.0.0) lib/active_support/tagged_logging.rb:67:in `block in tagged'
  activesupport (4.0.0) lib/active_support/tagged_logging.rb:25:in `tagged'
  activesupport (4.0.0) lib/active_support/tagged_logging.rb:67:in `tagged'
  railties (4.0.0) lib/rails/rack/logger.rb:21:in `call'
  actionpack (4.0.0) lib/action_dispatch/middleware/request_id.rb:21:in `call'
  rack (1.5.2) lib/rack/methodoverride.rb:21:in `call'
  rack (1.5.2) lib/rack/runtime.rb:17:in `call'
  activesupport (4.0.0) lib/active_support/cache/strategy/local_cache.rb:83:in `call'
  rack (1.5.2) lib/rack/lock.rb:17:in `call'
  actionpack (4.0.0) lib/action_dispatch/middleware/static.rb:64:in `call'
  railties (4.0.0) lib/rails/engine.rb:511:in `call'
  railties (4.0.0) lib/rails/application.rb:97:in `call'
  rack (1.5.2) lib/rack/lock.rb:17:in `call'
  rack (1.5.2) lib/rack/content_length.rb:14:in `call'
  rack (1.5.2) lib/rack/handler/webrick.rb:60:in `service'
  /Users/mulodo/.rbenv/versions/2.0.0-p247/lib/ruby/2.0.0/webrick/httpserver.rb:138:in `service'
  /Users/mulodo/.rbenv/versions/2.0.0-p247/lib/ruby/2.0.0/webrick/httpserver.rb:94:in `run'
  /Users/mulodo/.rbenv/versions/2.0.0-p247/lib/ruby/2.0.0/webrick/server.rb:295:in `block in start_thread'


  Rendered /Users/mulodo/.rbenv/versions/2.0.0-p247/lib/ruby/gems/2.0.0/gems/actionpack-4.0.0/lib/action_dispatch/middleware/templates/rescues/_source.erb (0.6ms)
  Rendered /Users/mulodo/.rbenv/versions/2.0.0-p247/lib/ruby/gems/2.0.0/gems/actionpack-4.0.0/lib/action_dispatch/middleware/templates/rescues/_trace.erb (1.0ms)
  Rendered /Users/mulodo/.rbenv/versions/2.0.0-p247/lib/ruby/gems/2.0.0/gems/actionpack-4.0.0/lib/action_dispatch/middleware/templates/rescues/_request_and_response.erb (1.0ms)
  Rendered /Users/mulodo/.rbenv/versions/2.0.0-p247/lib/ruby/gems/2.0.0/gems/actionpack-4.0.0/lib/action_dispatch/middleware/templates/rescues/diagnostics.erb within rescues/layout (18.5ms)


Started GET "/" for 127.0.0.1 at 2013-09-06 10:13:50 +0700
  [1m[35mActiveRecord::SchemaMigration Load (0.3ms)[0m  SELECT `schema_migrations`.* FROM `schema_migrations`

ActiveRecord::PendingMigrationError (Migrations are pending; run 'rake db:migrate RAILS_ENV=development' to resolve this issue.):
  activerecord (4.0.0) lib/active_record/migration.rb:379:in `check_pending!'
  activerecord (4.0.0) lib/active_record/migration.rb:366:in `call'
  actionpack (4.0.0) lib/action_dispatch/middleware/callbacks.rb:29:in `block in call'
  activesupport (4.0.0) lib/active_support/callbacks.rb:373:in `_run__753229847660778672__call__callbacks'
  activesupport (4.0.0) lib/active_support/callbacks.rb:80:in `run_callbacks'
  actionpack (4.0.0) lib/action_dispatch/middleware/callbacks.rb:27:in `call'
  actionpack (4.0.0) lib/action_dispatch/middleware/reloader.rb:64:in `call'
  actionpack (4.0.0) lib/action_dispatch/middleware/remote_ip.rb:76:in `call'
  actionpack (4.0.0) lib/action_dispatch/middleware/debug_exceptions.rb:17:in `call'
  actionpack (4.0.0) lib/action_dispatch/middleware/show_exceptions.rb:30:in `call'
  railties (4.0.0) lib/rails/rack/logger.rb:38:in `call_app'
  railties (4.0.0) lib/rails/rack/logger.rb:21:in `block in call'
  activesupport (4.0.0) lib/active_support/tagged_logging.rb:67:in `block in tagged'
  activesupport (4.0.0) lib/active_support/tagged_logging.rb:25:in `tagged'
  activesupport (4.0.0) lib/active_support/tagged_logging.rb:67:in `tagged'
  railties (4.0.0) lib/rails/rack/logger.rb:21:in `call'
  actionpack (4.0.0) lib/action_dispatch/middleware/request_id.rb:21:in `call'
  rack (1.5.2) lib/rack/methodoverride.rb:21:in `call'
  rack (1.5.2) lib/rack/runtime.rb:17:in `call'
  activesupport (4.0.0) lib/active_support/cache/strategy/local_cache.rb:83:in `call'
  rack (1.5.2) lib/rack/lock.rb:17:in `call'
  actionpack (4.0.0) lib/action_dispatch/middleware/static.rb:64:in `call'
  railties (4.0.0) lib/rails/engine.rb:511:in `call'
  railties (4.0.0) lib/rails/application.rb:97:in `call'
  rack (1.5.2) lib/rack/lock.rb:17:in `call'
  rack (1.5.2) lib/rack/content_length.rb:14:in `call'
  rack (1.5.2) lib/rack/handler/webrick.rb:60:in `service'
  /Users/mulodo/.rbenv/versions/2.0.0-p247/lib/ruby/2.0.0/webrick/httpserver.rb:138:in `service'
  /Users/mulodo/.rbenv/versions/2.0.0-p247/lib/ruby/2.0.0/webrick/httpserver.rb:94:in `run'
  /Users/mulodo/.rbenv/versions/2.0.0-p247/lib/ruby/2.0.0/webrick/server.rb:295:in `block in start_thread'


  Rendered /Users/mulodo/.rbenv/versions/2.0.0-p247/lib/ruby/gems/2.0.0/gems/actionpack-4.0.0/lib/action_dispatch/middleware/templates/rescues/_source.erb (0.9ms)
  Rendered /Users/mulodo/.rbenv/versions/2.0.0-p247/lib/ruby/gems/2.0.0/gems/actionpack-4.0.0/lib/action_dispatch/middleware/templates/rescues/_trace.erb (1.1ms)
  Rendered /Users/mulodo/.rbenv/versions/2.0.0-p247/lib/ruby/gems/2.0.0/gems/actionpack-4.0.0/lib/action_dispatch/middleware/templates/rescues/_request_and_response.erb (1.1ms)
  Rendered /Users/mulodo/.rbenv/versions/2.0.0-p247/lib/ruby/gems/2.0.0/gems/actionpack-4.0.0/lib/action_dispatch/middleware/templates/rescues/diagnostics.erb within rescues/layout (16.2ms)
  [1m[36mActiveRecord::SchemaMigration Load (0.9ms)[0m  [1mSELECT `schema_migrations`.* FROM `schema_migrations`[0m
Migrating to CreatePostTestrspecs (20130906014558)
  [1m[35m (98.1ms)[0m  CREATE TABLE `post_testrspecs` (`id` int(11) DEFAULT NULL auto_increment PRIMARY KEY, `created_at` datetime, `updated_at` datetime) ENGINE=InnoDB
  [1m[36mSQL (0.1ms)[0m  [1mBEGIN[0m
  [1m[35mSQL (0.4ms)[0m  INSERT INTO `schema_migrations` (`version`) VALUES (?)  [["version", "20130906014558"]]
  [1m[36m (0.4ms)[0m  [1mCOMMIT[0m
Migrating to CreatePostTestrspecclears (20130906014700)
  [1m[35m (198.7ms)[0m  CREATE TABLE `post_testrspecclears` (`id` int(11) DEFAULT NULL auto_increment PRIMARY KEY, `created_at` datetime, `updated_at` datetime) ENGINE=InnoDB
  [1m[36mSQL (0.1ms)[0m  [1mBEGIN[0m
  [1m[35mSQL (0.3ms)[0m  INSERT INTO `schema_migrations` (`version`) VALUES (?)  [["version", "20130906014700"]]
  [1m[36m (0.8ms)[0m  [1mCOMMIT[0m
  [1m[35mActiveRecord::SchemaMigration Load (0.3ms)[0m  SELECT `schema_migrations`.* FROM `schema_migrations`


Started GET "/" for 127.0.0.1 at 2013-09-06 10:14:07 +0700
  [1m[36mActiveRecord::SchemaMigration Load (0.2ms)[0m  [1mSELECT `schema_migrations`.* FROM `schema_migrations`[0m
Processing by Rails::WelcomeController#index as HTML
  Rendered /Users/mulodo/.rbenv/versions/2.0.0-p247/lib/ruby/gems/2.0.0/gems/railties-4.0.0/lib/rails/templates/rails/welcome/index.html.erb (0.8ms)
Completed 200 OK in 55ms (Views: 3.4ms | ActiveRecord: 0.0ms)


Started GET "/post_tests/new" for 127.0.0.1 at 2013-09-06 10:15:19 +0700
Processing by PostTestsController#new as HTML
ERROR: compiling _app_views_post_tests__form_html_erb___256244312811100442_70146857240940 RAISED /Users/mulodo/Documents/eslipse juno/Rspec_MVC_Request/app/views/post_tests/_form.html.erb:17: syntax error, unexpected '<', expecting ')'
  </div>
   ^
/Users/mulodo/Documents/eslipse juno/Rspec_MVC_Request/app/views/post_tests/_form.html.erb:21: unknown regexp options - dv
/Users/mulodo/Documents/eslipse juno/Rspec_MVC_Request/app/views/post_tests/_form.html.erb:22: syntax error, unexpected '<'
  <div class="actions">
   ^
/Users/mulodo/Documents/eslipse juno/Rspec_MVC_Request/app/views/post_tests/_form.html.erb:24: syntax error, unexpected '<', expecting ')'
  </div>
   ^
/Users/mulodo/Documents/eslipse juno/Rspec_MVC_Request/app/views/post_tests/_form.html.erb:24: unterminated regexp meets end of file
Function body:           def _app_views_post_tests__form_html_erb___256244312811100442_70146857240940(local_assigns, output_buffer)
            _old_virtual_path, @virtual_path = @virtual_path, "post_tests/_form";_old_output_buffer = @output_buffer;;@output_buffer = output_buffer || ActionView::OutputBuffer.new;@output_buffer.append=  form_for(@post_test) do |f| @output_buffer.safe_append='
';   if @post_test.errors.any? 
@output_buffer.safe_append='    <div id="error_explanation">
      <h2>';@output_buffer.append=( pluralize(@post_test.errors.count, "error") );@output_buffer.safe_append=' prohibited this post_test from being saved:</h2>

      <ul>
';       @post_test.errors.full_messages.each do |msg| 
@output_buffer.safe_append='        <li>';@output_buffer.append=( msg );@output_buffer.safe_append='</li>
';       end 
@output_buffer.safe_append='      </ul>
    </div>
';   end 
@output_buffer.safe_append='
  <div class="field">
    ';@output_buffer.append=( f.label :user );@output_buffer.safe_append='<br>
    ';@output_buffer.append=( f.text_field :user, :id => 'userTextField_ID'' );@output_buffer.safe_append='
  </div>
  <div class="field">
    ';@output_buffer.append=( f.label :pass );@output_buffer.safe_append='<br>
    ';@output_buffer.append=( f.text_field :pass );@output_buffer.safe_append='
  </div>
  <div class="actions">
    ';@output_buffer.append=( f.submit );@output_buffer.safe_append='
  </div>
'; end 
@output_buffer.to_s
          ensure
            @virtual_path, @output_buffer = _old_virtual_path, _old_output_buffer
          end

Backtrace: /Users/mulodo/.rbenv/versions/2.0.0-p247/lib/ruby/gems/2.0.0/gems/actionpack-4.0.0/lib/action_view/template.rb:299:in `module_eval'
/Users/mulodo/.rbenv/versions/2.0.0-p247/lib/ruby/gems/2.0.0/gems/actionpack-4.0.0/lib/action_view/template.rb:299:in `compile'
/Users/mulodo/.rbenv/versions/2.0.0-p247/lib/ruby/gems/2.0.0/gems/actionpack-4.0.0/lib/action_view/template.rb:248:in `block in compile!'
/Users/mulodo/.rbenv/versions/2.0.0-p247/lib/ruby/gems/2.0.0/gems/actionpack-4.0.0/lib/action_view/template.rb:236:in `synchronize'
/Users/mulodo/.rbenv/versions/2.0.0-p247/lib/ruby/gems/2.0.0/gems/actionpack-4.0.0/lib/action_view/template.rb:236:in `compile!'
/Users/mulodo/.rbenv/versions/2.0.0-p247/lib/ruby/gems/2.0.0/gems/actionpack-4.0.0/lib/action_view/template.rb:142:in `block in render'
/Users/mulodo/.rbenv/versions/2.0.0-p247/lib/ruby/gems/2.0.0/gems/activesupport-4.0.0/lib/active_support/notifications.rb:161:in `instrument'
/Users/mulodo/.rbenv/versions/2.0.0-p247/lib/ruby/gems/2.0.0/gems/actionpack-4.0.0/lib/action_view/template.rb:141:in `render'
/Users/mulodo/.rbenv/versions/2.0.0-p247/lib/ruby/gems/2.0.0/gems/actionpack-4.0.0/lib/action_view/renderer/partial_renderer.rb:306:in `render_partial'
/Users/mulodo/.rbenv/versions/2.0.0-p247/lib/ruby/gems/2.0.0/gems/actionpack-4.0.0/lib/action_view/renderer/partial_renderer.rb:279:in `block in render'
/Users/mulodo/.rbenv/versions/2.0.0-p247/lib/ruby/gems/2.0.0/gems/actionpack-4.0.0/lib/action_view/renderer/abstract_renderer.rb:38:in `block in instrument'
/Users/mulodo/.rbenv/versions/2.0.0-p247/lib/ruby/gems/2.0.0/gems/activesupport-4.0.0/lib/active_support/notifications.rb:159:in `block in instrument'
/Users/mulodo/.rbenv/versions/2.0.0-p247/lib/ruby/gems/2.0.0/gems/activesupport-4.0.0/lib/active_support/notifications/instrumenter.rb:20:in `instrument'
/Users/mulodo/.rbenv/versions/2.0.0-p247/lib/ruby/gems/2.0.0/gems/activesupport-4.0.0/lib/active_support/notifications.rb:159:in `instrument'
/Users/mulodo/.rbenv/versions/2.0.0-p247/lib/ruby/gems/2.0.0/gems/actionpack-4.0.0/lib/action_view/renderer/abstract_renderer.rb:38:in `instrument'
/Users/mulodo/.rbenv/versions/2.0.0-p247/lib/ruby/gems/2.0.0/gems/actionpack-4.0.0/lib/action_view/renderer/partial_renderer.rb:278:in `render'
/Users/mulodo/.rbenv/versions/2.0.0-p247/lib/ruby/gems/2.0.0/gems/actionpack-4.0.0/lib/action_view/renderer/renderer.rb:47:in `render_partial'
/Users/mulodo/.rbenv/versions/2.0.0-p247/lib/ruby/gems/2.0.0/gems/actionpack-4.0.0/lib/action_view/helpers/rendering_helper.rb:27:in `render'
/Users/mulodo/Documents/eslipse juno/Rspec_MVC_Request/app/views/post_tests/new.html.erb:3:in `_app_views_post_tests_new_html_erb___99801322255411722_70146827048440'
/Users/mulodo/.rbenv/versions/2.0.0-p247/lib/ruby/gems/2.0.0/gems/actionpack-4.0.0/lib/action_view/template.rb:143:in `block in render'
/Users/mulodo/.rbenv/versions/2.0.0-p247/lib/ruby/gems/2.0.0/gems/activesupport-4.0.0/lib/active_support/notifications.rb:161:in `instrument'
/Users/mulodo/.rbenv/versions/2.0.0-p247/lib/ruby/gems/2.0.0/gems/actionpack-4.0.0/lib/action_view/template.rb:141:in `render'
/Users/mulodo/.rbenv/versions/2.0.0-p247/lib/ruby/gems/2.0.0/gems/actionpack-4.0.0/lib/action_view/renderer/template_renderer.rb:49:in `block (2 levels) in render_template'
/Users/mulodo/.rbenv/versions/2.0.0-p247/lib/ruby/gems/2.0.0/gems/actionpack-4.0.0/lib/action_view/renderer/abstract_renderer.rb:38:in `block in instrument'
/Users/mulodo/.rbenv/versions/2.0.0-p247/lib/ruby/gems/2.0.0/gems/activesupport-4.0.0/lib/active_support/notifications.rb:159:in `block in instrument'
/Users/mulodo/.rbenv/versions/2.0.0-p247/lib/ruby/gems/2.0.0/gems/activesupport-4.0.0/lib/active_support/notifications/instrumenter.rb:20:in `instrument'
/Users/mulodo/.rbenv/versions/2.0.0-p247/lib/ruby/gems/2.0.0/gems/activesupport-4.0.0/lib/active_support/notifications.rb:159:in `instrument'
/Users/mulodo/.rbenv/versions/2.0.0-p247/lib/ruby/gems/2.0.0/gems/actionpack-4.0.0/lib/action_view/renderer/abstract_renderer.rb:38:in `instrument'
/Users/mulodo/.rbenv/versions/2.0.0-p247/lib/ruby/gems/2.0.0/gems/actionpack-4.0.0/lib/action_view/renderer/template_renderer.rb:48:in `block in render_template'
/Users/mulodo/.rbenv/versions/2.0.0-p247/lib/ruby/gems/2.0.0/gems/actionpack-4.0.0/lib/action_view/renderer/template_renderer.rb:56:in `render_with_layout'
/Users/mulodo/.rbenv/versions/2.0.0-p247/lib/ruby/gems/2.0.0/gems/actionpack-4.0.0/lib/action_view/renderer/template_renderer.rb:47:in `render_template'
/Users/mulodo/.rbenv/versions/2.0.0-p247/lib/ruby/gems/2.0.0/gems/actionpack-4.0.0/lib/action_view/renderer/template_renderer.rb:17:in `render'
/Users/mulodo/.rbenv/versions/2.0.0-p247/lib/ruby/gems/2.0.0/gems/actionpack-4.0.0/lib/action_view/renderer/renderer.rb:42:in `render_template'
/Users/mulodo/.rbenv/versions/2.0.0-p247/lib/ruby/gems/2.0.0/gems/actionpack-4.0.0/lib/action_view/renderer/renderer.rb:23:in `render'
/Users/mulodo/.rbenv/versions/2.0.0-p247/lib/ruby/gems/2.0.0/gems/actionpack-4.0.0/lib/abstract_controller/rendering.rb:127:in `_render_template'
/Users/mulodo/.rbenv/versions/2.0.0-p247/lib/ruby/gems/2.0.0/gems/actionpack-4.0.0/lib/action_controller/metal/streaming.rb:219:in `_render_template'
/Users/mulodo/.rbenv/versions/2.0.0-p247/lib/ruby/gems/2.0.0/gems/actionpack-4.0.0/lib/abstract_controller/rendering.rb:120:in `render_to_body'
/Users/mulodo/.rbenv/versions/2.0.0-p247/lib/ruby/gems/2.0.0/gems/actionpack-4.0.0/lib/action_controller/metal/rendering.rb:33:in `render_to_body'
/Users/mulodo/.rbenv/versions/2.0.0-p247/lib/ruby/gems/2.0.0/gems/actionpack-4.0.0/lib/action_controller/metal/renderers.rb:26:in `render_to_body'
/Users/mulodo/.rbenv/versions/2.0.0-p247/lib/ruby/gems/2.0.0/gems/actionpack-4.0.0/lib/abstract_controller/rendering.rb:97:in `render'
/Users/mulodo/.rbenv/versions/2.0.0-p247/lib/ruby/gems/2.0.0/gems/actionpack-4.0.0/lib/action_controller/metal/rendering.rb:16:in `render'
/Users/mulodo/.rbenv/versions/2.0.0-p247/lib/ruby/gems/2.0.0/gems/actionpack-4.0.0/lib/action_controller/metal/instrumentation.rb:41:in `block (2 levels) in render'
/Users/mulodo/.rbenv/versions/2.0.0-p247/lib/ruby/gems/2.0.0/gems/activesupport-4.0.0/lib/active_support/core_ext/benchmark.rb:12:in `block in ms'
/Users/mulodo/.rbenv/versions/2.0.0-p247/lib/ruby/2.0.0/benchmark.rb:296:in `realtime'
/Users/mulodo/.rbenv/versions/2.0.0-p247/lib/ruby/gems/2.0.0/gems/activesupport-4.0.0/lib/active_support/core_ext/benchmark.rb:12:in `ms'
/Users/mulodo/.rbenv/versions/2.0.0-p247/lib/ruby/gems/2.0.0/gems/actionpack-4.0.0/lib/action_controller/metal/instrumentation.rb:41:in `block in render'
/Users/mulodo/.rbenv/versions/2.0.0-p247/lib/ruby/gems/2.0.0/gems/actionpack-4.0.0/lib/action_controller/metal/instrumentation.rb:84:in `cleanup_view_runtime'
/Users/mulodo/.rbenv/versions/2.0.0-p247/lib/ruby/gems/2.0.0/gems/activerecord-4.0.0/lib/active_record/railties/controller_runtime.rb:25:in `cleanup_view_runtime'
/Users/mulodo/.rbenv/versions/2.0.0-p247/lib/ruby/gems/2.0.0/gems/actionpack-4.0.0/lib/action_controller/metal/instrumentation.rb:40:in `render'
/Users/mulodo/.rbenv/versions/2.0.0-p247/lib/ruby/gems/2.0.0/gems/actionpack-4.0.0/lib/action_controller/metal/implicit_render.rb:10:in `default_render'
/Users/mulodo/.rbenv/versions/2.0.0-p247/lib/ruby/gems/2.0.0/gems/actionpack-4.0.0/lib/action_controller/metal/implicit_render.rb:5:in `send_action'
/Users/mulodo/.rbenv/versions/2.0.0-p247/lib/ruby/gems/2.0.0/gems/actionpack-4.0.0/lib/abstract_controller/base.rb:189:in `process_action'
/Users/mulodo/.rbenv/versions/2.0.0-p247/lib/ruby/gems/2.0.0/gems/actionpack-4.0.0/lib/action_controller/metal/rendering.rb:10:in `process_action'
/Users/mulodo/.rbenv/versions/2.0.0-p247/lib/ruby/gems/2.0.0/gems/actionpack-4.0.0/lib/abstract_controller/callbacks.rb:18:in `block in process_action'
/Users/mulodo/.rbenv/versions/2.0.0-p247/lib/ruby/gems/2.0.0/gems/activesupport-4.0.0/lib/active_support/callbacks.rb:413:in `_run__260047886868392757__process_action__callbacks'
/Users/mulodo/.rbenv/versions/2.0.0-p247/lib/ruby/gems/2.0.0/gems/activesupport-4.0.0/lib/active_support/callbacks.rb:80:in `run_callbacks'
/Users/mulodo/.rbenv/versions/2.0.0-p247/lib/ruby/gems/2.0.0/gems/actionpack-4.0.0/lib/abstract_controller/callbacks.rb:17:in `process_action'
/Users/mulodo/.rbenv/versions/2.0.0-p247/lib/ruby/gems/2.0.0/gems/actionpack-4.0.0/lib/action_controller/metal/rescue.rb:29:in `process_action'
/Users/mulodo/.rbenv/versions/2.0.0-p247/lib/ruby/gems/2.0.0/gems/actionpack-4.0.0/lib/action_controller/metal/instrumentation.rb:31:in `block in process_action'
/Users/mulodo/.rbenv/versions/2.0.0-p247/lib/ruby/gems/2.0.0/gems/activesupport-4.0.0/lib/active_support/notifications.rb:159:in `block in instrument'
/Users/mulodo/.rbenv/versions/2.0.0-p247/lib/ruby/gems/2.0.0/gems/activesupport-4.0.0/lib/active_support/notifications/instrumenter.rb:20:in `instrument'
/Users/mulodo/.rbenv/versions/2.0.0-p247/lib/ruby/gems/2.0.0/gems/activesupport-4.0.0/lib/active_support/notifications.rb:159:in `instrument'
/Users/mulodo/.rbenv/versions/2.0.0-p247/lib/ruby/gems/2.0.0/gems/actionpack-4.0.0/lib/action_controller/metal/instrumentation.rb:30:in `process_action'
/Users/mulodo/.rbenv/versions/2.0.0-p247/lib/ruby/gems/2.0.0/gems/actionpack-4.0.0/lib/action_controller/metal/params_wrapper.rb:245:in `process_action'
/Users/mulodo/.rbenv/versions/2.0.0-p247/lib/ruby/gems/2.0.0/gems/activerecord-4.0.0/lib/active_record/railties/controller_runtime.rb:18:in `process_action'
/Users/mulodo/.rbenv/versions/2.0.0-p247/lib/ruby/gems/2.0.0/gems/actionpack-4.0.0/lib/abstract_controller/base.rb:136:in `process'
/Users/mulodo/.rbenv/versions/2.0.0-p247/lib/ruby/gems/2.0.0/gems/actionpack-4.0.0/lib/abstract_controller/rendering.rb:44:in `process'
/Users/mulodo/.rbenv/versions/2.0.0-p247/lib/ruby/gems/2.0.0/gems/actionpack-4.0.0/lib/action_controller/metal.rb:195:in `dispatch'
/Users/mulodo/.rbenv/versions/2.0.0-p247/lib/ruby/gems/2.0.0/gems/actionpack-4.0.0/lib/action_controller/metal/rack_delegation.rb:13:in `dispatch'
/Users/mulodo/.rbenv/versions/2.0.0-p247/lib/ruby/gems/2.0.0/gems/actionpack-4.0.0/lib/action_controller/metal.rb:231:in `block in action'
/Users/mulodo/.rbenv/versions/2.0.0-p247/lib/ruby/gems/2.0.0/gems/actionpack-4.0.0/lib/action_dispatch/routing/route_set.rb:80:in `call'
/Users/mulodo/.rbenv/versions/2.0.0-p247/lib/ruby/gems/2.0.0/gems/actionpack-4.0.0/lib/action_dispatch/routing/route_set.rb:80:in `dispatch'
/Users/mulodo/.rbenv/versions/2.0.0-p247/lib/ruby/gems/2.0.0/gems/actionpack-4.0.0/lib/action_dispatch/routing/route_set.rb:48:in `call'
/Users/mulodo/.rbenv/versions/2.0.0-p247/lib/ruby/gems/2.0.0/gems/actionpack-4.0.0/lib/action_dispatch/journey/router.rb:71:in `block in call'
/Users/mulodo/.rbenv/versions/2.0.0-p247/lib/ruby/gems/2.0.0/gems/actionpack-4.0.0/lib/action_dispatch/journey/router.rb:59:in `each'
/Users/mulodo/.rbenv/versions/2.0.0-p247/lib/ruby/gems/2.0.0/gems/actionpack-4.0.0/lib/action_dispatch/journey/router.rb:59:in `call'
/Users/mulodo/.rbenv/versions/2.0.0-p247/lib/ruby/gems/2.0.0/gems/actionpack-4.0.0/lib/action_dispatch/routing/route_set.rb:655:in `call'
/Users/mulodo/.rbenv/versions/2.0.0-p247/lib/ruby/gems/2.0.0/gems/rack-1.5.2/lib/rack/etag.rb:23:in `call'
/Users/mulodo/.rbenv/versions/2.0.0-p247/lib/ruby/gems/2.0.0/gems/rack-1.5.2/lib/rack/conditionalget.rb:25:in `call'
/Users/mulodo/.rbenv/versions/2.0.0-p247/lib/ruby/gems/2.0.0/gems/rack-1.5.2/lib/rack/head.rb:11:in `call'
/Users/mulodo/.rbenv/versions/2.0.0-p247/lib/ruby/gems/2.0.0/gems/actionpack-4.0.0/lib/action_dispatch/middleware/params_parser.rb:27:in `call'
/Users/mulodo/.rbenv/versions/2.0.0-p247/lib/ruby/gems/2.0.0/gems/actionpack-4.0.0/lib/action_dispatch/middleware/flash.rb:241:in `call'
/Users/mulodo/.rbenv/versions/2.0.0-p247/lib/ruby/gems/2.0.0/gems/rack-1.5.2/lib/rack/session/abstract/id.rb:225:in `context'
/Users/mulodo/.rbenv/versions/2.0.0-p247/lib/ruby/gems/2.0.0/gems/rack-1.5.2/lib/rack/session/abstract/id.rb:220:in `call'
/Users/mulodo/.rbenv/versions/2.0.0-p247/lib/ruby/gems/2.0.0/gems/actionpack-4.0.0/lib/action_dispatch/middleware/cookies.rb:486:in `call'
/Users/mulodo/.rbenv/versions/2.0.0-p247/lib/ruby/gems/2.0.0/gems/activerecord-4.0.0/lib/active_record/query_cache.rb:36:in `call'
/Users/mulodo/.rbenv/versions/2.0.0-p247/lib/ruby/gems/2.0.0/gems/activerecord-4.0.0/lib/active_record/connection_adapters/abstract/connection_pool.rb:626:in `call'
/Users/mulodo/.rbenv/versions/2.0.0-p247/lib/ruby/gems/2.0.0/gems/activerecord-4.0.0/lib/active_record/migration.rb:369:in `call'
/Users/mulodo/.rbenv/versions/2.0.0-p247/lib/ruby/gems/2.0.0/gems/actionpack-4.0.0/lib/action_dispatch/middleware/callbacks.rb:29:in `block in call'
/Users/mulodo/.rbenv/versions/2.0.0-p247/lib/ruby/gems/2.0.0/gems/activesupport-4.0.0/lib/active_support/callbacks.rb:373:in `_run__753229847660778672__call__callbacks'
/Users/mulodo/.rbenv/versions/2.0.0-p247/lib/ruby/gems/2.0.0/gems/activesupport-4.0.0/lib/active_support/callbacks.rb:80:in `run_callbacks'
/Users/mulodo/.rbenv/versions/2.0.0-p247/lib/ruby/gems/2.0.0/gems/actionpack-4.0.0/lib/action_dispatch/middleware/callbacks.rb:27:in `call'
/Users/mulodo/.rbenv/versions/2.0.0-p247/lib/ruby/gems/2.0.0/gems/actionpack-4.0.0/lib/action_dispatch/middleware/reloader.rb:64:in `call'
/Users/mulodo/.rbenv/versions/2.0.0-p247/lib/ruby/gems/2.0.0/gems/actionpack-4.0.0/lib/action_dispatch/middleware/remote_ip.rb:76:in `call'
/Users/mulodo/.rbenv/versions/2.0.0-p247/lib/ruby/gems/2.0.0/gems/actionpack-4.0.0/lib/action_dispatch/middleware/debug_exceptions.rb:17:in `call'
/Users/mulodo/.rbenv/versions/2.0.0-p247/lib/ruby/gems/2.0.0/gems/actionpack-4.0.0/lib/action_dispatch/middleware/show_exceptions.rb:30:in `call'
/Users/mulodo/.rbenv/versions/2.0.0-p247/lib/ruby/gems/2.0.0/gems/railties-4.0.0/lib/rails/rack/logger.rb:38:in `call_app'
/Users/mulodo/.rbenv/versions/2.0.0-p247/lib/ruby/gems/2.0.0/gems/railties-4.0.0/lib/rails/rack/logger.rb:21:in `block in call'
/Users/mulodo/.rbenv/versions/2.0.0-p247/lib/ruby/gems/2.0.0/gems/activesupport-4.0.0/lib/active_support/tagged_logging.rb:67:in `block in tagged'
/Users/mulodo/.rbenv/versions/2.0.0-p247/lib/ruby/gems/2.0.0/gems/activesupport-4.0.0/lib/active_support/tagged_logging.rb:25:in `tagged'
/Users/mulodo/.rbenv/versions/2.0.0-p247/lib/ruby/gems/2.0.0/gems/activesupport-4.0.0/lib/active_support/tagged_logging.rb:67:in `tagged'
/Users/mulodo/.rbenv/versions/2.0.0-p247/lib/ruby/gems/2.0.0/gems/railties-4.0.0/lib/rails/rack/logger.rb:21:in `call'
/Users/mulodo/.rbenv/versions/2.0.0-p247/lib/ruby/gems/2.0.0/gems/actionpack-4.0.0/lib/action_dispatch/middleware/request_id.rb:21:in `call'
/Users/mulodo/.rbenv/versions/2.0.0-p247/lib/ruby/gems/2.0.0/gems/rack-1.5.2/lib/rack/methodoverride.rb:21:in `call'
/Users/mulodo/.rbenv/versions/2.0.0-p247/lib/ruby/gems/2.0.0/gems/rack-1.5.2/lib/rack/runtime.rb:17:in `call'
/Users/mulodo/.rbenv/versions/2.0.0-p247/lib/ruby/gems/2.0.0/gems/activesupport-4.0.0/lib/active_support/cache/strategy/local_cache.rb:83:in `call'
/Users/mulodo/.rbenv/versions/2.0.0-p247/lib/ruby/gems/2.0.0/gems/rack-1.5.2/lib/rack/lock.rb:17:in `call'
/Users/mulodo/.rbenv/versions/2.0.0-p247/lib/ruby/gems/2.0.0/gems/actionpack-4.0.0/lib/action_dispatch/middleware/static.rb:64:in `call'
/Users/mulodo/.rbenv/versions/2.0.0-p247/lib/ruby/gems/2.0.0/gems/railties-4.0.0/lib/rails/engine.rb:511:in `call'
/Users/mulodo/.rbenv/versions/2.0.0-p247/lib/ruby/gems/2.0.0/gems/railties-4.0.0/lib/rails/application.rb:97:in `call'
/Users/mulodo/.rbenv/versions/2.0.0-p247/lib/ruby/gems/2.0.0/gems/rack-1.5.2/lib/rack/lock.rb:17:in `call'
/Users/mulodo/.rbenv/versions/2.0.0-p247/lib/ruby/gems/2.0.0/gems/rack-1.5.2/lib/rack/content_length.rb:14:in `call'
/Users/mulodo/.rbenv/versions/2.0.0-p247/lib/ruby/gems/2.0.0/gems/rack-1.5.2/lib/rack/handler/webrick.rb:60:in `service'
/Users/mulodo/.rbenv/versions/2.0.0-p247/lib/ruby/2.0.0/webrick/httpserver.rb:138:in `service'
/Users/mulodo/.rbenv/versions/2.0.0-p247/lib/ruby/2.0.0/webrick/httpserver.rb:94:in `run'
/Users/mulodo/.rbenv/versions/2.0.0-p247/lib/ruby/2.0.0/webrick/server.rb:295:in `block in start_thread'
  Rendered post_tests/_form.html.erb (4.1ms)
  Rendered post_tests/new.html.erb within layouts/application (7.1ms)
Completed 500 Internal Server Error in 14ms

ActionView::Template::Error (/Users/mulodo/Documents/eslipse juno/Rspec_MVC_Request/app/views/post_tests/_form.html.erb:17: syntax error, unexpected '<', expecting ')'
  </div>
   ^
/Users/mulodo/Documents/eslipse juno/Rspec_MVC_Request/app/views/post_tests/_form.html.erb:21: unknown regexp options - dv
/Users/mulodo/Documents/eslipse juno/Rspec_MVC_Request/app/views/post_tests/_form.html.erb:22: syntax error, unexpected '<'
  <div class="actions">
   ^
/Users/mulodo/Documents/eslipse juno/Rspec_MVC_Request/app/views/post_tests/_form.html.erb:24: syntax error, unexpected '<', expecting ')'
  </div>
   ^
/Users/mulodo/Documents/eslipse juno/Rspec_MVC_Request/app/views/post_tests/_form.html.erb:24: unterminated regexp meets end of file):
    14:   <div class="field">
    15:     <%= f.label :user %><br>
    16:     <%= f.text_field :user, :id => 'userTextField_ID'' %>
    17:   </div>
    18:   <div class="field">
    19:     <%= f.label :pass %><br>
    20:     <%= f.text_field :pass %>
  app/views/post_tests/new.html.erb:3:in `_app_views_post_tests_new_html_erb___99801322255411722_70146827048440'


  Rendered /Users/mulodo/.rbenv/versions/2.0.0-p247/lib/ruby/gems/2.0.0/gems/actionpack-4.0.0/lib/action_dispatch/middleware/templates/rescues/_trace.erb (1.3ms)
  Rendered /Users/mulodo/.rbenv/versions/2.0.0-p247/lib/ruby/gems/2.0.0/gems/actionpack-4.0.0/lib/action_dispatch/middleware/templates/rescues/_request_and_response.erb (0.9ms)
  Rendered /Users/mulodo/.rbenv/versions/2.0.0-p247/lib/ruby/gems/2.0.0/gems/actionpack-4.0.0/lib/action_dispatch/middleware/templates/rescues/template_error.erb within rescues/layout (11.7ms)


Started GET "/post_tests/new" for 127.0.0.1 at 2013-09-06 10:16:26 +0700
Processing by PostTestsController#new as HTML
  Rendered post_tests/_form.html.erb (104.6ms)
  Rendered post_tests/new.html.erb within layouts/application (105.7ms)
Completed 200 OK in 1253ms (Views: 1251.7ms | ActiveRecord: 0.0ms)


Started GET "/assets/application.css?body=1" for 127.0.0.1 at 2013-09-06 10:16:28 +0700


Started GET "/assets/post_tests.css?body=1" for 127.0.0.1 at 2013-09-06 10:16:28 +0700


Started GET "/assets/post_testrspecs.css?body=1" for 127.0.0.1 at 2013-09-06 10:16:28 +0700


Started GET "/assets/post_testrspecclears.css?body=1" for 127.0.0.1 at 2013-09-06 10:16:28 +0700


Started GET "/assets/scaffolds.css?body=1" for 127.0.0.1 at 2013-09-06 10:16:28 +0700


Started GET "/assets/jquery.js?body=1" for 127.0.0.1 at 2013-09-06 10:16:28 +0700


Started GET "/assets/jquery_ujs.js?body=1" for 127.0.0.1 at 2013-09-06 10:16:28 +0700


Started GET "/assets/turbolinks.js?body=1" for 127.0.0.1 at 2013-09-06 10:16:28 +0700


Started GET "/assets/post_testrspecclears.js?body=1" for 127.0.0.1 at 2013-09-06 10:16:28 +0700


Started GET "/assets/post_testrspecs.js?body=1" for 127.0.0.1 at 2013-09-06 10:16:28 +0700


Started GET "/assets/post_tests.js?body=1" for 127.0.0.1 at 2013-09-06 10:16:28 +0700


Started GET "/assets/application.js?body=1" for 127.0.0.1 at 2013-09-06 10:16:28 +0700


Started GET "/post_tests/new" for 127.0.0.1 at 2013-09-06 10:16:39 +0700
Processing by PostTestsController#new as HTML
  Rendered post_tests/_form.html.erb (3.4ms)
  Rendered post_tests/new.html.erb within layouts/application (4.3ms)
Completed 200 OK in 11ms (Views: 10.2ms | ActiveRecord: 0.0ms)


Started GET "/assets/application.css?body=1" for 127.0.0.1 at 2013-09-06 10:16:39 +0700


Started GET "/assets/post_testrspecs.css?body=1" for 127.0.0.1 at 2013-09-06 10:16:39 +0700


Started GET "/assets/post_testrspecclears.css?body=1" for 127.0.0.1 at 2013-09-06 10:16:39 +0700


Started GET "/assets/post_tests.css?body=1" for 127.0.0.1 at 2013-09-06 10:16:39 +0700


Started GET "/assets/scaffolds.css?body=1" for 127.0.0.1 at 2013-09-06 10:16:39 +0700


Started GET "/assets/jquery.js?body=1" for 127.0.0.1 at 2013-09-06 10:16:39 +0700


Started GET "/assets/jquery_ujs.js?body=1" for 127.0.0.1 at 2013-09-06 10:16:39 +0700


Started GET "/assets/turbolinks.js?body=1" for 127.0.0.1 at 2013-09-06 10:16:39 +0700


Started GET "/assets/post_testrspecs.js?body=1" for 127.0.0.1 at 2013-09-06 10:16:39 +0700


Started GET "/assets/post_testrspecclears.js?body=1" for 127.0.0.1 at 2013-09-06 10:16:39 +0700


Started GET "/assets/post_tests.js?body=1" for 127.0.0.1 at 2013-09-06 10:16:39 +0700


Started GET "/assets/application.js?body=1" for 127.0.0.1 at 2013-09-06 10:16:39 +0700


Started GET "/post_tests/new" for 127.0.0.1 at 2013-09-06 10:17:50 +0700
Processing by PostTestsController#new as HTML
  Rendered post_tests/_form.html.erb (3.0ms)
  Rendered post_tests/new.html.erb within layouts/application (3.7ms)
Completed 200 OK in 9ms (Views: 8.7ms | ActiveRecord: 0.0ms)


Started GET "/assets/application.css?body=1" for 127.0.0.1 at 2013-09-06 10:17:50 +0700


Started GET "/assets/post_testrspecclears.css?body=1" for 127.0.0.1 at 2013-09-06 10:17:50 +0700


Started GET "/assets/post_testrspecs.css?body=1" for 127.0.0.1 at 2013-09-06 10:17:50 +0700


Started GET "/assets/post_tests.css?body=1" for 127.0.0.1 at 2013-09-06 10:17:50 +0700


Started GET "/assets/scaffolds.css?body=1" for 127.0.0.1 at 2013-09-06 10:17:50 +0700


Started GET "/assets/jquery_ujs.js?body=1" for 127.0.0.1 at 2013-09-06 10:17:50 +0700


Started GET "/assets/jquery.js?body=1" for 127.0.0.1 at 2013-09-06 10:17:50 +0700


Started GET "/assets/turbolinks.js?body=1" for 127.0.0.1 at 2013-09-06 10:17:50 +0700


Started GET "/assets/post_testrspecclears.js?body=1" for 127.0.0.1 at 2013-09-06 10:17:50 +0700


Started GET "/assets/post_testrspecs.js?body=1" for 127.0.0.1 at 2013-09-06 10:17:50 +0700


Started GET "/assets/post_tests.js?body=1" for 127.0.0.1 at 2013-09-06 10:17:50 +0700


Started GET "/assets/application.js?body=1" for 127.0.0.1 at 2013-09-06 10:17:50 +0700


Started POST "/post_tests" for 127.0.0.1 at 2013-09-06 10:17:51 +0700
Processing by PostTestsController#create as HTML
  Parameters: {"utf8"=>"✓", "authenticity_token"=>"VtWUtE+BGj5UPnXrfdxepGMDcfmtKWHg9l/1zT2Xd14=", "post_test"=>{"user"=>"Test", "pass"=>""}, "commit"=>"Submit Post"}
  [1m[35mSQL (0.2ms)[0m  BEGIN
  [1m[36mSQL (2.0ms)[0m  [1mINSERT INTO `post_tests` (`created_at`, `pass`, `updated_at`, `user`) VALUES (?, ?, ?, ?)[0m  [["created_at", Fri, 06 Sep 2013 03:17:51 UTC +00:00], ["pass", ""], ["updated_at", Fri, 06 Sep 2013 03:17:51 UTC +00:00], ["user", "Test"]]
  [1m[35m (27.6ms)[0m  COMMIT
Redirected to http://localhost:3000/post_tests/1
Completed 302 Found in 35ms (ActiveRecord: 29.7ms)


Started GET "/post_tests/1" for 127.0.0.1 at 2013-09-06 10:17:51 +0700
Processing by PostTestsController#show as HTML
  Parameters: {"id"=>"1"}
  [1m[36mPostTest Load (0.5ms)[0m  [1mSELECT `post_tests`.* FROM `post_tests` WHERE `post_tests`.`id` = ? LIMIT 1[0m  [["id", "1"]]
  Rendered post_tests/show.html.erb within layouts/application (1.4ms)
Completed 200 OK in 83ms (Views: 7.3ms | ActiveRecord: 20.8ms)


Started GET "/assets/application.css?body=1" for 127.0.0.1 at 2013-09-06 10:17:51 +0700


Started GET "/assets/post_testrspecs.css?body=1" for 127.0.0.1 at 2013-09-06 10:17:51 +0700


Started GET "/assets/scaffolds.css?body=1" for 127.0.0.1 at 2013-09-06 10:17:51 +0700


Started GET "/assets/post_tests.css?body=1" for 127.0.0.1 at 2013-09-06 10:17:51 +0700


Started GET "/assets/jquery_ujs.js?body=1" for 127.0.0.1 at 2013-09-06 10:17:51 +0700


Started GET "/assets/post_testrspecclears.css?body=1" for 127.0.0.1 at 2013-09-06 10:17:51 +0700


Started GET "/assets/jquery.js?body=1" for 127.0.0.1 at 2013-09-06 10:17:51 +0700


Started GET "/assets/turbolinks.js?body=1" for 127.0.0.1 at 2013-09-06 10:17:51 +0700


Started GET "/assets/post_testrspecclears.js?body=1" for 127.0.0.1 at 2013-09-06 10:17:51 +0700


Started GET "/assets/post_testrspecs.js?body=1" for 127.0.0.1 at 2013-09-06 10:17:51 +0700


Started GET "/assets/post_tests.js?body=1" for 127.0.0.1 at 2013-09-06 10:17:51 +0700


Started GET "/assets/application.js?body=1" for 127.0.0.1 at 2013-09-06 10:17:51 +0700


Started GET "/post_tests/new" for 127.0.0.1 at 2013-09-06 10:24:56 +0700
Processing by PostTestsController#new as HTML
  Rendered post_tests/_form.html.erb (13.2ms)
  Rendered post_tests/new.html.erb within layouts/application (14.0ms)
Completed 200 OK in 125ms (Views: 19.3ms | ActiveRecord: 101.9ms)


Started GET "/assets/application.css?body=1" for 127.0.0.1 at 2013-09-06 10:24:56 +0700


Started GET "/assets/post_testrspecclears.css?body=1" for 127.0.0.1 at 2013-09-06 10:24:56 +0700


Started GET "/assets/post_testrspecs.css?body=1" for 127.0.0.1 at 2013-09-06 10:24:56 +0700


Started GET "/assets/jquery_ujs.js?body=1" for 127.0.0.1 at 2013-09-06 10:24:56 +0700


Started GET "/assets/scaffolds.css?body=1" for 127.0.0.1 at 2013-09-06 10:24:56 +0700


Started GET "/assets/post_tests.css?body=1" for 127.0.0.1 at 2013-09-06 10:24:56 +0700


Started GET "/assets/jquery.js?body=1" for 127.0.0.1 at 2013-09-06 10:24:56 +0700


Started GET "/assets/turbolinks.js?body=1" for 127.0.0.1 at 2013-09-06 10:24:56 +0700


Started GET "/assets/post_testrspecclears.js?body=1" for 127.0.0.1 at 2013-09-06 10:24:56 +0700


Started GET "/assets/post_testrspecs.js?body=1" for 127.0.0.1 at 2013-09-06 10:24:56 +0700


Started GET "/assets/post_tests.js?body=1" for 127.0.0.1 at 2013-09-06 10:24:56 +0700


Started GET "/assets/application.js?body=1" for 127.0.0.1 at 2013-09-06 10:24:56 +0700


Started POST "/post_tests" for 127.0.0.1 at 2013-09-06 10:24:57 +0700
Processing by PostTestsController#create as HTML
  Parameters: {"utf8"=>"✓", "authenticity_token"=>"2abXLd9qi5MgMHjXdK+YyGUVlEYNLEc2rbR9HC1orQM=", "post_test"=>{"user"=>"Test", "pass"=>""}, "commit"=>"Submit Post"}
  [1m[35mSQL (0.2ms)[0m  BEGIN
  [1m[36mSQL (0.4ms)[0m  [1mINSERT INTO `post_tests` (`created_at`, `pass`, `updated_at`, `user`) VALUES (?, ?, ?, ?)[0m  [["created_at", Fri, 06 Sep 2013 03:24:57 UTC +00:00], ["pass", ""], ["updated_at", Fri, 06 Sep 2013 03:24:57 UTC +00:00], ["user", "Test"]]
  [1m[35m (0.5ms)[0m  COMMIT
Redirected to http://localhost:3000/post_tests/2
Completed 302 Found in 6ms (ActiveRecord: 1.1ms)


Started GET "/post_tests/2" for 127.0.0.1 at 2013-09-06 10:24:57 +0700
Processing by PostTestsController#show as HTML
  Parameters: {"id"=>"2"}
  [1m[36mPostTest Load (0.4ms)[0m  [1mSELECT `post_tests`.* FROM `post_tests` WHERE `post_tests`.`id` = ? LIMIT 1[0m  [["id", "2"]]
  Rendered post_tests/show.html.erb within layouts/application (0.5ms)
Completed 200 OK in 7ms (Views: 5.2ms | ActiveRecord: 0.4ms)


Started GET "/assets/application.css?body=1" for 127.0.0.1 at 2013-09-06 10:24:57 +0700


Started GET "/assets/post_testrspecclears.css?body=1" for 127.0.0.1 at 2013-09-06 10:24:57 +0700


Started GET "/assets/post_tests.css?body=1" for 127.0.0.1 at 2013-09-06 10:24:57 +0700


Started GET "/assets/jquery.js?body=1" for 127.0.0.1 at 2013-09-06 10:24:57 +0700


Started GET "/assets/post_testrspecs.css?body=1" for 127.0.0.1 at 2013-09-06 10:24:57 +0700


Started GET "/assets/jquery_ujs.js?body=1" for 127.0.0.1 at 2013-09-06 10:24:57 +0700


Started GET "/assets/scaffolds.css?body=1" for 127.0.0.1 at 2013-09-06 10:24:57 +0700


Started GET "/assets/turbolinks.js?body=1" for 127.0.0.1 at 2013-09-06 10:24:57 +0700


Started GET "/assets/post_testrspecclears.js?body=1" for 127.0.0.1 at 2013-09-06 10:24:57 +0700


Started GET "/assets/post_testrspecs.js?body=1" for 127.0.0.1 at 2013-09-06 10:24:57 +0700


Started GET "/assets/post_tests.js?body=1" for 127.0.0.1 at 2013-09-06 10:24:57 +0700


Started GET "/assets/application.js?body=1" for 127.0.0.1 at 2013-09-06 10:24:57 +0700


Started GET "/posttests/new" for 127.0.0.1 at 2013-09-06 10:28:51 +0700

ActionController::RoutingError (No route matches [GET] "/posttests/new"):
  actionpack (4.0.0) lib/action_dispatch/middleware/debug_exceptions.rb:21:in `call'
  actionpack (4.0.0) lib/action_dispatch/middleware/show_exceptions.rb:30:in `call'
  railties (4.0.0) lib/rails/rack/logger.rb:38:in `call_app'
  railties (4.0.0) lib/rails/rack/logger.rb:21:in `block in call'
  activesupport (4.0.0) lib/active_support/tagged_logging.rb:67:in `block in tagged'
  activesupport (4.0.0) lib/active_support/tagged_logging.rb:25:in `tagged'
  activesupport (4.0.0) lib/active_support/tagged_logging.rb:67:in `tagged'
  railties (4.0.0) lib/rails/rack/logger.rb:21:in `call'
  actionpack (4.0.0) lib/action_dispatch/middleware/request_id.rb:21:in `call'
  rack (1.5.2) lib/rack/methodoverride.rb:21:in `call'
  rack (1.5.2) lib/rack/runtime.rb:17:in `call'
  activesupport (4.0.0) lib/active_support/cache/strategy/local_cache.rb:83:in `call'
  rack (1.5.2) lib/rack/lock.rb:17:in `call'
  actionpack (4.0.0) lib/action_dispatch/middleware/static.rb:64:in `call'
  railties (4.0.0) lib/rails/engine.rb:511:in `call'
  railties (4.0.0) lib/rails/application.rb:97:in `call'
  rack (1.5.2) lib/rack/lock.rb:17:in `call'
  rack (1.5.2) lib/rack/content_length.rb:14:in `call'
  rack (1.5.2) lib/rack/handler/webrick.rb:60:in `service'
  /Users/mulodo/.rbenv/versions/2.0.0-p247/lib/ruby/2.0.0/webrick/httpserver.rb:138:in `service'
  /Users/mulodo/.rbenv/versions/2.0.0-p247/lib/ruby/2.0.0/webrick/httpserver.rb:94:in `run'
  /Users/mulodo/.rbenv/versions/2.0.0-p247/lib/ruby/2.0.0/webrick/server.rb:295:in `block in start_thread'


  Rendered /Users/mulodo/.rbenv/versions/2.0.0-p247/lib/ruby/gems/2.0.0/gems/actionpack-4.0.0/lib/action_dispatch/middleware/templates/rescues/_trace.erb (1.7ms)
  Rendered /Users/mulodo/.rbenv/versions/2.0.0-p247/lib/ruby/gems/2.0.0/gems/actionpack-4.0.0/lib/action_dispatch/middleware/templates/routes/_route.html.erb (3.0ms)
  Rendered /Users/mulodo/.rbenv/versions/2.0.0-p247/lib/ruby/gems/2.0.0/gems/actionpack-4.0.0/lib/action_dispatch/middleware/templates/routes/_table.html.erb (3.0ms)
  Rendered /Users/mulodo/.rbenv/versions/2.0.0-p247/lib/ruby/gems/2.0.0/gems/actionpack-4.0.0/lib/action_dispatch/middleware/templates/rescues/routing_error.erb within rescues/layout (33.6ms)


Started GET "/post_tests/new" for 127.0.0.1 at 2013-09-06 10:29:06 +0700
Processing by PostTestsController#new as HTML
  Rendered post_tests/_form.html.erb (3.1ms)
  Rendered post_tests/new.html.erb within layouts/application (4.1ms)
Completed 200 OK in 11ms (Views: 9.7ms | ActiveRecord: 0.0ms)


Started GET "/assets/application.css?body=1" for 127.0.0.1 at 2013-09-06 10:29:06 +0700


Started GET "/assets/post_testrspecs.css?body=1" for 127.0.0.1 at 2013-09-06 10:29:06 +0700


Started GET "/assets/post_testrspecclears.css?body=1" for 127.0.0.1 at 2013-09-06 10:29:06 +0700


Started GET "/assets/jquery.js?body=1" for 127.0.0.1 at 2013-09-06 10:29:06 +0700


Started GET "/assets/scaffolds.css?body=1" for 127.0.0.1 at 2013-09-06 10:29:06 +0700


Started GET "/assets/turbolinks.js?body=1" for 127.0.0.1 at 2013-09-06 10:29:06 +0700


Started GET "/assets/post_tests.css?body=1" for 127.0.0.1 at 2013-09-06 10:29:06 +0700


Started GET "/assets/post_testrspecclears.js?body=1" for 127.0.0.1 at 2013-09-06 10:29:06 +0700


Started GET "/assets/jquery_ujs.js?body=1" for 127.0.0.1 at 2013-09-06 10:29:06 +0700


Started GET "/assets/post_testrspecs.js?body=1" for 127.0.0.1 at 2013-09-06 10:29:06 +0700


Started GET "/assets/post_tests.js?body=1" for 127.0.0.1 at 2013-09-06 10:29:06 +0700


Started GET "/assets/application.js?body=1" for 127.0.0.1 at 2013-09-06 10:29:06 +0700


Started POST "/post_tests" for 127.0.0.1 at 2013-09-06 10:29:08 +0700
Processing by PostTestsController#create as HTML
  Parameters: {"utf8"=>"✓", "authenticity_token"=>"B7X3aUsrvbulKwrU8LE/Eyu7RI2HauQNrJQX+odct1o=", "post_test"=>{"user"=>"sad", "pass"=>"asd"}, "commit"=>"Submit Post"}
  [1m[35mSQL (0.1ms)[0m  BEGIN
  [1m[36mSQL (0.4ms)[0m  [1mINSERT INTO `post_tests` (`created_at`, `pass`, `updated_at`, `user`) VALUES (?, ?, ?, ?)[0m  [["created_at", Fri, 06 Sep 2013 03:29:08 UTC +00:00], ["pass", "asd"], ["updated_at", Fri, 06 Sep 2013 03:29:08 UTC +00:00], ["user", "sad"]]
  [1m[35m (11.8ms)[0m  COMMIT
Redirected to http://localhost:3000/post_tests/3
Completed 302 Found in 16ms (ActiveRecord: 12.3ms)


Started GET "/post_tests/3" for 127.0.0.1 at 2013-09-06 10:29:09 +0700
Processing by PostTestsController#show as HTML
  Parameters: {"id"=>"3"}
  [1m[36mPostTest Load (0.4ms)[0m  [1mSELECT `post_tests`.* FROM `post_tests` WHERE `post_tests`.`id` = ? LIMIT 1[0m  [["id", "3"]]
  Rendered post_tests/show.html.erb within layouts/application (0.4ms)
Completed 200 OK in 7ms (Views: 5.3ms | ActiveRecord: 0.4ms)


Started GET "/assets/application.css?body=1" for 127.0.0.1 at 2013-09-06 10:29:09 +0700


Started GET "/assets/jquery_ujs.js?body=1" for 127.0.0.1 at 2013-09-06 10:29:09 +0700


Started GET "/assets/jquery.js?body=1" for 127.0.0.1 at 2013-09-06 10:29:09 +0700


Started GET "/assets/scaffolds.css?body=1" for 127.0.0.1 at 2013-09-06 10:29:09 +0700


Started GET "/assets/post_testrspecs.js?body=1" for 127.0.0.1 at 2013-09-06 10:29:09 +0700


Started GET "/assets/post_testrspecclears.js?body=1" for 127.0.0.1 at 2013-09-06 10:29:09 +0700


Started GET "/assets/turbolinks.js?body=1" for 127.0.0.1 at 2013-09-06 10:29:09 +0700


Started GET "/assets/post_tests.js?body=1" for 127.0.0.1 at 2013-09-06 10:29:09 +0700


Started GET "/assets/application.js?body=1" for 127.0.0.1 at 2013-09-06 10:29:09 +0700


Started GET "/post_tests/new" for 127.0.0.1 at 2013-09-06 10:29:25 +0700
Processing by PostTestsController#new as HTML
  Rendered post_tests/_form.html.erb (1.7ms)
  Rendered post_tests/new.html.erb within layouts/application (2.5ms)
Completed 200 OK in 8ms (Views: 7.2ms | ActiveRecord: 0.0ms)


Started GET "/assets/application.css?body=1" for 127.0.0.1 at 2013-09-06 10:29:25 +0700


Started GET "/assets/post_testrspecs.css?body=1" for 127.0.0.1 at 2013-09-06 10:29:25 +0700


Started GET "/assets/jquery_ujs.js?body=1" for 127.0.0.1 at 2013-09-06 10:29:25 +0700


Started GET "/assets/post_testrspecclears.css?body=1" for 127.0.0.1 at 2013-09-06 10:29:25 +0700


Started GET "/assets/jquery.js?body=1" for 127.0.0.1 at 2013-09-06 10:29:25 +0700


Started GET "/assets/scaffolds.css?body=1" for 127.0.0.1 at 2013-09-06 10:29:25 +0700


Started GET "/assets/post_tests.css?body=1" for 127.0.0.1 at 2013-09-06 10:29:25 +0700


Started GET "/assets/post_testrspecclears.js?body=1" for 127.0.0.1 at 2013-09-06 10:29:25 +0700


Started GET "/assets/post_testrspecs.js?body=1" for 127.0.0.1 at 2013-09-06 10:29:25 +0700


Started GET "/assets/turbolinks.js?body=1" for 127.0.0.1 at 2013-09-06 10:29:25 +0700


Started GET "/assets/post_tests.js?body=1" for 127.0.0.1 at 2013-09-06 10:29:25 +0700


Started GET "/assets/application.js?body=1" for 127.0.0.1 at 2013-09-06 10:29:25 +0700


Started POST "/post_tests" for 127.0.0.1 at 2013-09-06 10:29:25 +0700
Processing by PostTestsController#create as HTML
  Parameters: {"utf8"=>"✓", "authenticity_token"=>"I2auATlJIPdOIFC3pKcFx+8C1348PqnsMKsffB2Gvno=", "post_test"=>{"user"=>"Test", "pass"=>""}, "commit"=>"Submit Post"}
  [1m[35mSQL (0.1ms)[0m  BEGIN
  [1m[36mSQL (0.4ms)[0m  [1mINSERT INTO `post_tests` (`created_at`, `pass`, `updated_at`, `user`) VALUES (?, ?, ?, ?)[0m  [["created_at", Fri, 06 Sep 2013 03:29:25 UTC +00:00], ["pass", ""], ["updated_at", Fri, 06 Sep 2013 03:29:25 UTC +00:00], ["user", "Test"]]
  [1m[35m (0.3ms)[0m  COMMIT
Redirected to http://localhost:3000/post_tests/4
Completed 302 Found in 4ms (ActiveRecord: 0.9ms)


Started GET "/post_tests/4" for 127.0.0.1 at 2013-09-06 10:29:25 +0700
Processing by PostTestsController#show as HTML
  Parameters: {"id"=>"4"}
  [1m[36mPostTest Load (0.3ms)[0m  [1mSELECT `post_tests`.* FROM `post_tests` WHERE `post_tests`.`id` = ? LIMIT 1[0m  [["id", "4"]]
  Rendered post_tests/show.html.erb within layouts/application (0.4ms)
Completed 200 OK in 7ms (Views: 5.7ms | ActiveRecord: 0.3ms)


Started GET "/assets/post_testrspecclears.css?body=1" for 127.0.0.1 at 2013-09-06 10:29:25 +0700


Started GET "/assets/scaffolds.css?body=1" for 127.0.0.1 at 2013-09-06 10:29:25 +0700


Started GET "/assets/application.css?body=1" for 127.0.0.1 at 2013-09-06 10:29:25 +0700


Started GET "/assets/jquery.js?body=1" for 127.0.0.1 at 2013-09-06 10:29:25 +0700


Started GET "/assets/post_testrspecs.css?body=1" for 127.0.0.1 at 2013-09-06 10:29:25 +0700


Started GET "/assets/post_tests.css?body=1" for 127.0.0.1 at 2013-09-06 10:29:25 +0700


Started GET "/assets/jquery_ujs.js?body=1" for 127.0.0.1 at 2013-09-06 10:29:25 +0700


Started GET "/assets/turbolinks.js?body=1" for 127.0.0.1 at 2013-09-06 10:29:25 +0700


Started GET "/assets/post_testrspecclears.js?body=1" for 127.0.0.1 at 2013-09-06 10:29:25 +0700


Started GET "/assets/post_testrspecs.js?body=1" for 127.0.0.1 at 2013-09-06 10:29:25 +0700


Started GET "/assets/post_tests.js?body=1" for 127.0.0.1 at 2013-09-06 10:29:25 +0700


Started GET "/assets/application.js?body=1" for 127.0.0.1 at 2013-09-06 10:29:25 +0700
  [1m[36m (231.4ms)[0m  [1mDROP DATABASE IF EXISTS `library_test`[0m
  [1m[35m (0.5ms)[0m  CREATE DATABASE `library_test` DEFAULT CHARACTER SET `utf8` COLLATE `utf8_unicode_ci`
  [1m[36m (58.6ms)[0m  [1mCREATE TABLE `post_feeds` (`id` int(11) DEFAULT NULL auto_increment PRIMARY KEY, `username` varchar(255), `feed` varchar(255), `created_at` datetime, `updated_at` datetime) ENGINE=InnoDB[0m
  [1m[35m (259.3ms)[0m  CREATE TABLE `post_testrspecclears` (`id` int(11) DEFAULT NULL auto_increment PRIMARY KEY, `created_at` datetime, `updated_at` datetime) ENGINE=InnoDB
  [1m[36m (99.2ms)[0m  [1mCREATE TABLE `post_testrspecs` (`id` int(11) DEFAULT NULL auto_increment PRIMARY KEY, `created_at` datetime, `updated_at` datetime) ENGINE=InnoDB[0m
  [1m[35m (88.3ms)[0m  CREATE TABLE `post_tests` (`id` int(11) DEFAULT NULL auto_increment PRIMARY KEY, `user` varchar(255), `pass` varchar(255), `created_at` datetime, `updated_at` datetime) ENGINE=InnoDB
  [1m[36m (100.9ms)[0m  [1mCREATE TABLE `posts` (`id` int(11) DEFAULT NULL auto_increment PRIMARY KEY, `title` varchar(255), `text` text, `created_at` datetime, `updated_at` datetime) ENGINE=InnoDB[0m
  [1m[35m (110.4ms)[0m  CREATE TABLE `users` (`id` int(11) DEFAULT NULL auto_increment PRIMARY KEY, `username` varchar(255), `password` varchar(255), `created_at` datetime, `updated_at` datetime) ENGINE=InnoDB
  [1m[36m (64.1ms)[0m  [1mCREATE TABLE `schema_migrations` (`version` varchar(255) NOT NULL) ENGINE=InnoDB[0m
  [1m[35m (157.1ms)[0m  CREATE UNIQUE INDEX `unique_schema_migrations` ON `schema_migrations` (`version`) 
  [1m[36m (1.2ms)[0m  [1mSELECT version FROM `schema_migrations`[0m
  [1m[35m (1.3ms)[0m  INSERT INTO `schema_migrations` (version) VALUES ('20130906014700')
  [1m[36m (0.5ms)[0m  [1mINSERT INTO `schema_migrations` (version) VALUES ('20130905161649')[0m
  [1m[35m (0.4ms)[0m  INSERT INTO `schema_migrations` (version) VALUES ('20130906014558')
  [1m[36mActiveRecord::SchemaMigration Load (0.3ms)[0m  [1mSELECT `schema_migrations`.* FROM `schema_migrations`[0m
  [1m[36m (126.0ms)[0m  [1mDROP DATABASE IF EXISTS `library_test`[0m
  [1m[35m (0.3ms)[0m  CREATE DATABASE `library_test` DEFAULT CHARACTER SET `utf8` COLLATE `utf8_unicode_ci`
  [1m[36m (84.6ms)[0m  [1mCREATE TABLE `post_feeds` (`id` int(11) DEFAULT NULL auto_increment PRIMARY KEY, `username` varchar(255), `feed` varchar(255), `created_at` datetime, `updated_at` datetime) ENGINE=InnoDB[0m
  [1m[35m (183.2ms)[0m  CREATE TABLE `post_testrspecclears` (`id` int(11) DEFAULT NULL auto_increment PRIMARY KEY, `created_at` datetime, `updated_at` datetime) ENGINE=InnoDB
  [1m[36m (98.7ms)[0m  [1mCREATE TABLE `post_testrspecs` (`id` int(11) DEFAULT NULL auto_increment PRIMARY KEY, `created_at` datetime, `updated_at` datetime) ENGINE=InnoDB[0m
  [1m[35m (76.2ms)[0m  CREATE TABLE `post_tests` (`id` int(11) DEFAULT NULL auto_increment PRIMARY KEY, `user` varchar(255), `pass` varchar(255), `created_at` datetime, `updated_at` datetime) ENGINE=InnoDB
  [1m[36m (90.8ms)[0m  [1mCREATE TABLE `posts` (`id` int(11) DEFAULT NULL auto_increment PRIMARY KEY, `title` varchar(255), `text` text, `created_at` datetime, `updated_at` datetime) ENGINE=InnoDB[0m
  [1m[35m (100.0ms)[0m  CREATE TABLE `users` (`id` int(11) DEFAULT NULL auto_increment PRIMARY KEY, `username` varchar(255), `password` varchar(255), `created_at` datetime, `updated_at` datetime) ENGINE=InnoDB
  [1m[36m (62.9ms)[0m  [1mCREATE TABLE `schema_migrations` (`version` varchar(255) NOT NULL) ENGINE=InnoDB[0m
  [1m[35m (95.9ms)[0m  CREATE UNIQUE INDEX `unique_schema_migrations` ON `schema_migrations` (`version`) 
  [1m[36m (1.1ms)[0m  [1mSELECT version FROM `schema_migrations`[0m
  [1m[35m (0.5ms)[0m  INSERT INTO `schema_migrations` (version) VALUES ('20130906014700')
  [1m[36m (0.3ms)[0m  [1mINSERT INTO `schema_migrations` (version) VALUES ('20130905161649')[0m
  [1m[35m (0.3ms)[0m  INSERT INTO `schema_migrations` (version) VALUES ('20130906014558')
  [1m[36mActiveRecord::SchemaMigration Load (0.2ms)[0m  [1mSELECT `schema_migrations`.* FROM `schema_migrations`[0m
  [1m[36m (46.0ms)[0m  [1mDROP DATABASE IF EXISTS `library_test`[0m
  [1m[35m (0.3ms)[0m  CREATE DATABASE `library_test` DEFAULT CHARACTER SET `utf8` COLLATE `utf8_unicode_ci`
  [1m[36m (213.3ms)[0m  [1mCREATE TABLE `post_feeds` (`id` int(11) DEFAULT NULL auto_increment PRIMARY KEY, `username` varchar(255), `feed` varchar(255), `created_at` datetime, `updated_at` datetime) ENGINE=InnoDB[0m
  [1m[35m (184.2ms)[0m  CREATE TABLE `post_testrspecclears` (`id` int(11) DEFAULT NULL auto_increment PRIMARY KEY, `created_at` datetime, `updated_at` datetime) ENGINE=InnoDB
  [1m[36m (99.4ms)[0m  [1mCREATE TABLE `post_testrspecs` (`id` int(11) DEFAULT NULL auto_increment PRIMARY KEY, `created_at` datetime, `updated_at` datetime) ENGINE=InnoDB[0m
  [1m[35m (101.7ms)[0m  CREATE TABLE `post_tests` (`id` int(11) DEFAULT NULL auto_increment PRIMARY KEY, `user` varchar(255), `pass` varchar(255), `created_at` datetime, `updated_at` datetime) ENGINE=InnoDB
  [1m[36m (101.4ms)[0m  [1mCREATE TABLE `posts` (`id` int(11) DEFAULT NULL auto_increment PRIMARY KEY, `title` varchar(255), `text` text, `created_at` datetime, `updated_at` datetime) ENGINE=InnoDB[0m
  [1m[35m (110.5ms)[0m  CREATE TABLE `users` (`id` int(11) DEFAULT NULL auto_increment PRIMARY KEY, `username` varchar(255), `password` varchar(255), `created_at` datetime, `updated_at` datetime) ENGINE=InnoDB
  [1m[36m (310.8ms)[0m  [1mCREATE TABLE `schema_migrations` (`version` varchar(255) NOT NULL) ENGINE=InnoDB[0m
  [1m[35m (115.6ms)[0m  CREATE UNIQUE INDEX `unique_schema_migrations` ON `schema_migrations` (`version`) 
  [1m[36m (1.1ms)[0m  [1mSELECT version FROM `schema_migrations`[0m
  [1m[35m (0.4ms)[0m  INSERT INTO `schema_migrations` (version) VALUES ('20130906014700')
  [1m[36m (0.4ms)[0m  [1mINSERT INTO `schema_migrations` (version) VALUES ('20130905161649')[0m
  [1m[35m (0.3ms)[0m  INSERT INTO `schema_migrations` (version) VALUES ('20130906014558')
  [1m[36mActiveRecord::SchemaMigration Load (0.2ms)[0m  [1mSELECT `schema_migrations`.* FROM `schema_migrations`[0m
  [1m[36m (121.1ms)[0m  [1mDROP DATABASE IF EXISTS `library_test`[0m
  [1m[35m (0.3ms)[0m  CREATE DATABASE `library_test` DEFAULT CHARACTER SET `utf8` COLLATE `utf8_unicode_ci`
  [1m[36m (84.1ms)[0m  [1mCREATE TABLE `post_feeds` (`id` int(11) DEFAULT NULL auto_increment PRIMARY KEY, `username` varchar(255), `feed` varchar(255), `created_at` datetime, `updated_at` datetime) ENGINE=InnoDB[0m
  [1m[35m (270.3ms)[0m  CREATE TABLE `post_testrspecclears` (`id` int(11) DEFAULT NULL auto_increment PRIMARY KEY, `created_at` datetime, `updated_at` datetime) ENGINE=InnoDB
  [1m[36m (101.1ms)[0m  [1mCREATE TABLE `post_testrspecs` (`id` int(11) DEFAULT NULL auto_increment PRIMARY KEY, `created_at` datetime, `updated_at` datetime) ENGINE=InnoDB[0m
  [1m[35m (99.2ms)[0m  CREATE TABLE `post_tests` (`id` int(11) DEFAULT NULL auto_increment PRIMARY KEY, `user` varchar(255), `pass` varchar(255), `created_at` datetime, `updated_at` datetime) ENGINE=InnoDB
  [1m[36m (109.8ms)[0m  [1mCREATE TABLE `posts` (`id` int(11) DEFAULT NULL auto_increment PRIMARY KEY, `title` varchar(255), `text` text, `created_at` datetime, `updated_at` datetime) ENGINE=InnoDB[0m
  [1m[35m (89.0ms)[0m  CREATE TABLE `users` (`id` int(11) DEFAULT NULL auto_increment PRIMARY KEY, `username` varchar(255), `password` varchar(255), `created_at` datetime, `updated_at` datetime) ENGINE=InnoDB
  [1m[36m (52.9ms)[0m  [1mCREATE TABLE `schema_migrations` (`version` varchar(255) NOT NULL) ENGINE=InnoDB[0m
  [1m[35m (105.6ms)[0m  CREATE UNIQUE INDEX `unique_schema_migrations` ON `schema_migrations` (`version`) 
  [1m[36m (1.1ms)[0m  [1mSELECT version FROM `schema_migrations`[0m
  [1m[35m (0.5ms)[0m  INSERT INTO `schema_migrations` (version) VALUES ('20130906014700')
  [1m[36m (0.4ms)[0m  [1mINSERT INTO `schema_migrations` (version) VALUES ('20130905161649')[0m
  [1m[35m (0.6ms)[0m  INSERT INTO `schema_migrations` (version) VALUES ('20130906014558')
  [1m[36mActiveRecord::SchemaMigration Load (0.2ms)[0m  [1mSELECT `schema_migrations`.* FROM `schema_migrations`[0m


Started GET "/post_feeds/new" for 127.0.0.1 at 2013-09-06 11:37:30 +0700
  [1m[36mActiveRecord::SchemaMigration Load (1.1ms)[0m  [1mSELECT `schema_migrations`.* FROM `schema_migrations`[0m

ActionController::RoutingError (No route matches [GET] "/post_feeds/new"):
  actionpack (4.0.0) lib/action_dispatch/middleware/debug_exceptions.rb:21:in `call'
  actionpack (4.0.0) lib/action_dispatch/middleware/show_exceptions.rb:30:in `call'
  railties (4.0.0) lib/rails/rack/logger.rb:38:in `call_app'
  railties (4.0.0) lib/rails/rack/logger.rb:21:in `block in call'
  activesupport (4.0.0) lib/active_support/tagged_logging.rb:67:in `block in tagged'
  activesupport (4.0.0) lib/active_support/tagged_logging.rb:25:in `tagged'
  activesupport (4.0.0) lib/active_support/tagged_logging.rb:67:in `tagged'
  railties (4.0.0) lib/rails/rack/logger.rb:21:in `call'
  actionpack (4.0.0) lib/action_dispatch/middleware/request_id.rb:21:in `call'
  rack (1.5.2) lib/rack/methodoverride.rb:21:in `call'
  rack (1.5.2) lib/rack/runtime.rb:17:in `call'
  activesupport (4.0.0) lib/active_support/cache/strategy/local_cache.rb:83:in `call'
  rack (1.5.2) lib/rack/lock.rb:17:in `call'
  actionpack (4.0.0) lib/action_dispatch/middleware/static.rb:64:in `call'
  railties (4.0.0) lib/rails/engine.rb:511:in `call'
  railties (4.0.0) lib/rails/application.rb:97:in `call'
  rack (1.5.2) lib/rack/lock.rb:17:in `call'
  rack (1.5.2) lib/rack/content_length.rb:14:in `call'
  rack (1.5.2) lib/rack/handler/webrick.rb:60:in `service'
  /Users/mulodo/.rbenv/versions/2.0.0-p247/lib/ruby/2.0.0/webrick/httpserver.rb:138:in `service'
  /Users/mulodo/.rbenv/versions/2.0.0-p247/lib/ruby/2.0.0/webrick/httpserver.rb:94:in `run'
  /Users/mulodo/.rbenv/versions/2.0.0-p247/lib/ruby/2.0.0/webrick/server.rb:295:in `block in start_thread'


  Rendered /Users/mulodo/.rbenv/versions/2.0.0-p247/lib/ruby/gems/2.0.0/gems/actionpack-4.0.0/lib/action_dispatch/middleware/templates/rescues/_trace.erb (1.5ms)
  Rendered /Users/mulodo/.rbenv/versions/2.0.0-p247/lib/ruby/gems/2.0.0/gems/actionpack-4.0.0/lib/action_dispatch/middleware/templates/routes/_route.html.erb (2.2ms)
  Rendered /Users/mulodo/.rbenv/versions/2.0.0-p247/lib/ruby/gems/2.0.0/gems/actionpack-4.0.0/lib/action_dispatch/middleware/templates/routes/_table.html.erb (17.3ms)
  Rendered /Users/mulodo/.rbenv/versions/2.0.0-p247/lib/ruby/gems/2.0.0/gems/actionpack-4.0.0/lib/action_dispatch/middleware/templates/rescues/routing_error.erb within rescues/layout (79.7ms)


Started GET "/post_tests/new" for 127.0.0.1 at 2013-09-06 11:37:58 +0700
Processing by PostTestsController#new as HTML
  Rendered post_tests/_form.html.erb (18.1ms)
  Rendered post_tests/new.html.erb within layouts/application (19.2ms)
Completed 200 OK in 183ms (Views: 156.4ms | ActiveRecord: 2.7ms)


Started GET "/assets/application.css?body=1" for 127.0.0.1 at 2013-09-06 11:37:59 +0700


Started GET "/assets/post_testrspecs.css?body=1" for 127.0.0.1 at 2013-09-06 11:37:59 +0700


Started GET "/assets/post_testrspecclears.css?body=1" for 127.0.0.1 at 2013-09-06 11:37:59 +0700


Started GET "/assets/post_tests.css?body=1" for 127.0.0.1 at 2013-09-06 11:37:59 +0700


Started GET "/assets/scaffolds.css?body=1" for 127.0.0.1 at 2013-09-06 11:37:59 +0700


Started GET "/assets/jquery.js?body=1" for 127.0.0.1 at 2013-09-06 11:37:59 +0700


Started GET "/assets/jquery_ujs.js?body=1" for 127.0.0.1 at 2013-09-06 11:37:59 +0700


Started GET "/assets/turbolinks.js?body=1" for 127.0.0.1 at 2013-09-06 11:37:59 +0700


Started GET "/assets/post_testrspecclears.js?body=1" for 127.0.0.1 at 2013-09-06 11:37:59 +0700


Started GET "/assets/post_testrspecs.js?body=1" for 127.0.0.1 at 2013-09-06 11:37:59 +0700


Started GET "/assets/post_tests.js?body=1" for 127.0.0.1 at 2013-09-06 11:37:59 +0700


Started GET "/assets/application.js?body=1" for 127.0.0.1 at 2013-09-06 11:37:59 +0700


Started POST "/post_tests" for 127.0.0.1 at 2013-09-06 11:38:01 +0700
Processing by PostTestsController#create as HTML
  Parameters: {"utf8"=>"✓", "authenticity_token"=>"s7ZqFT6H/hQ2FTcwHvuKSyJthfC0xyXGGlf+mYWxJRE=", "post_test"=>{"user"=>"asda", "pass"=>""}, "commit"=>"Submit Post"}
  [1m[35mSQL (0.2ms)[0m  BEGIN
  [1m[36mSQL (1.5ms)[0m  [1mINSERT INTO `post_tests` (`created_at`, `pass`, `updated_at`, `user`) VALUES (?, ?, ?, ?)[0m  [["created_at", Fri, 06 Sep 2013 04:38:01 UTC +00:00], ["pass", ""], ["updated_at", Fri, 06 Sep 2013 04:38:01 UTC +00:00], ["user", "asda"]]
  [1m[35m (0.4ms)[0m  COMMIT
Redirected to http://localhost:3000/post_tests/5
Completed 302 Found in 8ms (ActiveRecord: 2.1ms)


Started GET "/post_tests/5" for 127.0.0.1 at 2013-09-06 11:38:01 +0700
Processing by PostTestsController#show as HTML
  Parameters: {"id"=>"5"}
  [1m[36mPostTest Load (0.5ms)[0m  [1mSELECT `post_tests`.* FROM `post_tests` WHERE `post_tests`.`id` = ? LIMIT 1[0m  [["id", "5"]]
  Rendered post_tests/show.html.erb within layouts/application (0.9ms)
Completed 200 OK in 9ms (Views: 5.4ms | ActiveRecord: 0.5ms)


Started GET "/assets/application.css?body=1" for 127.0.0.1 at 2013-09-06 11:38:01 +0700


Started GET "/assets/turbolinks.js?body=1" for 127.0.0.1 at 2013-09-06 11:38:01 +0700


Started GET "/assets/scaffolds.css?body=1" for 127.0.0.1 at 2013-09-06 11:38:01 +0700


Started GET "/assets/jquery.js?body=1" for 127.0.0.1 at 2013-09-06 11:38:01 +0700


Started GET "/assets/post_testrspecs.js?body=1" for 127.0.0.1 at 2013-09-06 11:38:01 +0700


Started GET "/assets/post_testrspecclears.js?body=1" for 127.0.0.1 at 2013-09-06 11:38:01 +0700


Started GET "/assets/post_tests.js?body=1" for 127.0.0.1 at 2013-09-06 11:38:01 +0700


Started GET "/assets/jquery_ujs.js?body=1" for 127.0.0.1 at 2013-09-06 11:38:01 +0700


Started GET "/assets/application.js?body=1" for 127.0.0.1 at 2013-09-06 11:38:01 +0700
  [1m[36m (65.1ms)[0m  [1mDROP DATABASE IF EXISTS `library_test`[0m
  [1m[35m (0.3ms)[0m  CREATE DATABASE `library_test` DEFAULT CHARACTER SET `utf8` COLLATE `utf8_unicode_ci`
  [1m[36m (100.9ms)[0m  [1mCREATE TABLE `post_feeds` (`id` int(11) DEFAULT NULL auto_increment PRIMARY KEY, `username` varchar(255), `feed` varchar(255), `created_at` datetime, `updated_at` datetime) ENGINE=InnoDB[0m
  [1m[35m (277.6ms)[0m  CREATE TABLE `post_testrspecclears` (`id` int(11) DEFAULT NULL auto_increment PRIMARY KEY, `created_at` datetime, `updated_at` datetime) ENGINE=InnoDB
  [1m[36m (119.7ms)[0m  [1mCREATE TABLE `post_testrspecs` (`id` int(11) DEFAULT NULL auto_increment PRIMARY KEY, `created_at` datetime, `updated_at` datetime) ENGINE=InnoDB[0m
  [1m[35m (140.4ms)[0m  CREATE TABLE `post_tests` (`id` int(11) DEFAULT NULL auto_increment PRIMARY KEY, `user` varchar(255), `pass` varchar(255), `created_at` datetime, `updated_at` datetime) ENGINE=InnoDB
  [1m[36m (262.1ms)[0m  [1mCREATE TABLE `posts` (`id` int(11) DEFAULT NULL auto_increment PRIMARY KEY, `title` varchar(255), `text` text, `created_at` datetime, `updated_at` datetime) ENGINE=InnoDB[0m
  [1m[35m (79.6ms)[0m  CREATE TABLE `users` (`id` int(11) DEFAULT NULL auto_increment PRIMARY KEY, `username` varchar(255), `password` varchar(255), `created_at` datetime, `updated_at` datetime) ENGINE=InnoDB
  [1m[36m (49.2ms)[0m  [1mCREATE TABLE `schema_migrations` (`version` varchar(255) NOT NULL) ENGINE=InnoDB[0m
  [1m[35m (126.0ms)[0m  CREATE UNIQUE INDEX `unique_schema_migrations` ON `schema_migrations` (`version`) 
  [1m[36m (1.0ms)[0m  [1mSELECT version FROM `schema_migrations`[0m
  [1m[35m (0.4ms)[0m  INSERT INTO `schema_migrations` (version) VALUES ('20130906014700')
  [1m[36m (0.3ms)[0m  [1mINSERT INTO `schema_migrations` (version) VALUES ('20130905161649')[0m
  [1m[35m (0.3ms)[0m  INSERT INTO `schema_migrations` (version) VALUES ('20130906014558')
  [1m[36mActiveRecord::SchemaMigration Load (0.2ms)[0m  [1mSELECT `schema_migrations`.* FROM `schema_migrations`[0m
  [1m[36m (61.2ms)[0m  [1mDROP DATABASE IF EXISTS `library_test`[0m
  [1m[35m (0.3ms)[0m  CREATE DATABASE `library_test` DEFAULT CHARACTER SET `utf8` COLLATE `utf8_unicode_ci`
  [1m[36m (67.3ms)[0m  [1mCREATE TABLE `post_feeds` (`id` int(11) DEFAULT NULL auto_increment PRIMARY KEY, `username` varchar(255), `feed` varchar(255), `created_at` datetime, `updated_at` datetime) ENGINE=InnoDB[0m
  [1m[35m (196.8ms)[0m  CREATE TABLE `post_testrspecclears` (`id` int(11) DEFAULT NULL auto_increment PRIMARY KEY, `created_at` datetime, `updated_at` datetime) ENGINE=InnoDB
  [1m[36m (100.2ms)[0m  [1mCREATE TABLE `post_testrspecs` (`id` int(11) DEFAULT NULL auto_increment PRIMARY KEY, `created_at` datetime, `updated_at` datetime) ENGINE=InnoDB[0m
  [1m[35m (98.5ms)[0m  CREATE TABLE `post_tests` (`id` int(11) DEFAULT NULL auto_increment PRIMARY KEY, `user` varchar(255), `pass` varchar(255), `created_at` datetime, `updated_at` datetime) ENGINE=InnoDB
  [1m[36m (100.2ms)[0m  [1mCREATE TABLE `posts` (`id` int(11) DEFAULT NULL auto_increment PRIMARY KEY, `title` varchar(255), `text` text, `created_at` datetime, `updated_at` datetime) ENGINE=InnoDB[0m
  [1m[35m (110.4ms)[0m  CREATE TABLE `users` (`id` int(11) DEFAULT NULL auto_increment PRIMARY KEY, `username` varchar(255), `password` varchar(255), `created_at` datetime, `updated_at` datetime) ENGINE=InnoDB
  [1m[36m (174.7ms)[0m  [1mCREATE TABLE `schema_migrations` (`version` varchar(255) NOT NULL) ENGINE=InnoDB[0m
  [1m[35m (83.8ms)[0m  CREATE UNIQUE INDEX `unique_schema_migrations` ON `schema_migrations` (`version`) 
  [1m[36m (1.3ms)[0m  [1mSELECT version FROM `schema_migrations`[0m
  [1m[35m (0.7ms)[0m  INSERT INTO `schema_migrations` (version) VALUES ('20130906014700')
  [1m[36m (0.4ms)[0m  [1mINSERT INTO `schema_migrations` (version) VALUES ('20130905161649')[0m
  [1m[35m (0.5ms)[0m  INSERT INTO `schema_migrations` (version) VALUES ('20130906014558')
  [1m[36mActiveRecord::SchemaMigration Load (0.3ms)[0m  [1mSELECT `schema_migrations`.* FROM `schema_migrations`[0m
  [1m[36mActiveRecord::SchemaMigration Load (1.2ms)[0m  [1mSELECT `schema_migrations`.* FROM `schema_migrations`[0m
Migrating to CreateWebServices (20130906082107)
  [1m[35m (91.9ms)[0m  CREATE TABLE `web_services` (`id` int(11) DEFAULT NULL auto_increment PRIMARY KEY, `created_at` datetime, `updated_at` datetime) ENGINE=InnoDB
  [1m[36mSQL (0.1ms)[0m  [1mBEGIN[0m
  [1m[35mSQL (0.5ms)[0m  INSERT INTO `schema_migrations` (`version`) VALUES (?)  [["version", "20130906082107"]]
  [1m[36m (0.5ms)[0m  [1mCOMMIT[0m
Migrating to CreatePosttest2s (20130906110454)
  [1m[35m (267.1ms)[0m  CREATE TABLE `posttest2s` (`id` int(11) DEFAULT NULL auto_increment PRIMARY KEY, `name` varchar(255), `email` varchar(255), `created_at` datetime, `updated_at` datetime) ENGINE=InnoDB
  [1m[36mSQL (0.1ms)[0m  [1mBEGIN[0m
  [1m[35mSQL (0.3ms)[0m  INSERT INTO `schema_migrations` (`version`) VALUES (?)  [["version", "20130906110454"]]
  [1m[36m (0.5ms)[0m  [1mCOMMIT[0m
  [1m[35mActiveRecord::SchemaMigration Load (0.5ms)[0m  SELECT `schema_migrations`.* FROM `schema_migrations`
  [1m[36mActiveRecord::SchemaMigration Load (1.1ms)[0m  [1mSELECT `schema_migrations`.* FROM `schema_migrations`[0m
  [1m[35mActiveRecord::SchemaMigration Load (0.3ms)[0m  SELECT `schema_migrations`.* FROM `schema_migrations`
